<?xml version="1.0" encoding="UTF-8"?>
<!-- Generated by org.testng.reporters.JUnitXMLReporter -->
<testsuite ignored="0" hostname="HariRam" failures="0" tests="5" name="Default test" time="60.073" errors="0" timestamp="22 Sept 2023 16:00:21 GMT">
  <testcase classname="Planit.Tests.JupiterToysTest" name="verifySubmitDetails" time="12.258"/>
  <testcase classname="Planit.Tests.JupiterToysTest" name="verifySubmitDetails" time="1.642"/>
  <testcase classname="Planit.Tests.JupiterToysTest" name="verifySubmitDetails" time="16.478"/>
  <testcase classname="Planit.Tests.JupiterToysTest" name="verifySubmitDetails" time="11.416"/>
  <testcase classname="Planit.Tests.JupiterToysTest" name="verifySubmitDetails" time="2.56"/>
</testsuite> <!-- Default test -->
