<?xml version="1.0" encoding="UTF-8"?>
<!-- Generated by org.testng.reporters.JUnitXMLReporter -->
<testsuite ignored="2" hostname="HariRam" failures="0" tests="7" name="Jupiter Toys Website Test" time="100.705" errors="0" timestamp="2023-09-24T22:03:00 AEST">
  <testcase classname="Planit.Tests.ContactPageTest" name="errorValidationsforMandatoryFields" time="31.2"/>
  <testcase classname="Planit.Tests.ContactPageTest" name="verifySuccessfulSubmissionMessage" time="13.513"/>
  <testcase classname="Planit.Tests.ContactPageTest" name="verifySuccessfulSubmissionMessage" time="1.798"/>
  <testcase classname="Planit.Tests.ContactPageTest" name="verifySuccessfulSubmissionMessage" time="3.638"/>
  <testcase classname="Planit.Tests.ContactPageTest" name="verifySuccessfulSubmissionMessage" time="1.9"/>
  <testcase classname="Planit.Tests.ContactPageTest" name="verifySuccessfulSubmissionMessage" time="14.553"/>
  <testcase classname="Planit.Tests.PurchaseOrderTest" name="verifyProductsInCart" time="2.685"/>
  <testcase classname="Planit.TestComponents.BaseTest" name="@BeforeSuite beforeSuite" time="0.0">
    <ignored/>
  </testcase> <!-- @BeforeSuite beforeSuite -->
  <testcase classname="Planit.TestComponents.BaseTest" name="@AfterSuite afterSuite" time="0.0">
    <ignored/>
  </testcase> <!-- @AfterSuite afterSuite -->
</testsuite> <!-- Jupiter Toys Website Test -->
